[DEBUG][21-10-22][org.apache.ibatis.logging.LogFactory]Logging initialized using 'class org.apache.ibatis.logging.log4j.Log4jImpl' adapter.
[DEBUG][21-10-22][org.apache.ibatis.logging.LogFactory]Logging initialized using 'class org.apache.ibatis.logging.log4j.Log4jImpl' adapter.
[DEBUG][21-10-22][org.apache.ibatis.datasource.pooled.PooledDataSource]PooledDataSource forcefully closed/removed all connections.
[DEBUG][21-10-22][org.apache.ibatis.datasource.pooled.PooledDataSource]PooledDataSource forcefully closed/removed all connections.
[DEBUG][21-10-22][org.apache.ibatis.datasource.pooled.PooledDataSource]PooledDataSource forcefully closed/removed all connections.
[DEBUG][21-10-22][org.apache.ibatis.datasource.pooled.PooledDataSource]PooledDataSource forcefully closed/removed all connections.
[DEBUG][21-10-22][org.apache.ibatis.transaction.jdbc.JdbcTransaction]Opening JDBC Connection
[DEBUG][21-10-22][org.apache.ibatis.datasource.pooled.PooledDataSource]Created connection 2706139.
[DEBUG][21-10-22][org.apache.ibatis.transaction.jdbc.JdbcTransaction]Setting autocommit to false on JDBC Connection [com.mysql.jdbc.JDBC4Connection@294adb]
[DEBUG][21-10-22][com.baidu.dao.UserMapper.getUserList]==>  Preparing: select * from user 
[DEBUG][21-10-22][com.baidu.dao.UserMapper.getUserList]==> Parameters: 
[DEBUG][21-10-22][com.baidu.dao.UserMapper.getUserList]<==      Total: 7
[DEBUG][21-10-22][org.apache.ibatis.transaction.jdbc.JdbcTransaction]Resetting autocommit to true on JDBC Connection [com.mysql.jdbc.JDBC4Connection@294adb]
[DEBUG][21-10-22][org.apache.ibatis.transaction.jdbc.JdbcTransaction]Closing JDBC Connection [com.mysql.jdbc.JDBC4Connection@294adb]
[DEBUG][21-10-22][org.apache.ibatis.datasource.pooled.PooledDataSource]Returned connection 2706139 to pool.
[DEBUG][21-10-22][org.apache.ibatis.logging.LogFactory]Logging initialized using 'class org.apache.ibatis.logging.log4j.Log4jImpl' adapter.
[DEBUG][21-10-22][org.apache.ibatis.logging.LogFactory]Logging initialized using 'class org.apache.ibatis.logging.log4j.Log4jImpl' adapter.
[DEBUG][21-10-22][org.apache.ibatis.datasource.pooled.PooledDataSource]PooledDataSource forcefully closed/removed all connections.
[DEBUG][21-10-22][org.apache.ibatis.datasource.pooled.PooledDataSource]PooledDataSource forcefully closed/removed all connections.
[DEBUG][21-10-22][org.apache.ibatis.datasource.pooled.PooledDataSource]PooledDataSource forcefully closed/removed all connections.
[DEBUG][21-10-22][org.apache.ibatis.datasource.pooled.PooledDataSource]PooledDataSource forcefully closed/removed all connections.
[DEBUG][21-10-22][org.apache.ibatis.transaction.jdbc.JdbcTransaction]Opening JDBC Connection
[DEBUG][21-10-22][org.apache.ibatis.datasource.pooled.PooledDataSource]Created connection 4909621.
[DEBUG][21-10-22][org.apache.ibatis.transaction.jdbc.JdbcTransaction]Setting autocommit to false on JDBC Connection [com.mysql.jdbc.JDBC4Connection@4aea35]
[DEBUG][21-10-22][com.baidu.dao.UserMapper.getUserListByLimit]==>  Preparing: select * from user limit ?,? 
[DEBUG][21-10-22][com.baidu.dao.UserMapper.getUserListByLimit]==> Parameters: 0(Integer), 2(Integer)
[DEBUG][21-10-22][com.baidu.dao.UserMapper.getUserListByLimit]<==      Total: 2
[DEBUG][21-10-22][org.apache.ibatis.transaction.jdbc.JdbcTransaction]Resetting autocommit to true on JDBC Connection [com.mysql.jdbc.JDBC4Connection@4aea35]
[DEBUG][21-10-22][org.apache.ibatis.transaction.jdbc.JdbcTransaction]Closing JDBC Connection [com.mysql.jdbc.JDBC4Connection@4aea35]
[DEBUG][21-10-22][org.apache.ibatis.datasource.pooled.PooledDataSource]Returned connection 4909621 to pool.
[DEBUG][21-10-22][org.apache.ibatis.logging.LogFactory]Logging initialized using 'class org.apache.ibatis.logging.log4j.Log4jImpl' adapter.
[DEBUG][21-10-22][org.apache.ibatis.logging.LogFactory]Logging initialized using 'class org.apache.ibatis.logging.log4j.Log4jImpl' adapter.
[DEBUG][21-10-22][org.apache.ibatis.datasource.pooled.PooledDataSource]PooledDataSource forcefully closed/removed all connections.
[DEBUG][21-10-22][org.apache.ibatis.datasource.pooled.PooledDataSource]PooledDataSource forcefully closed/removed all connections.
[DEBUG][21-10-22][org.apache.ibatis.datasource.pooled.PooledDataSource]PooledDataSource forcefully closed/removed all connections.
[DEBUG][21-10-22][org.apache.ibatis.datasource.pooled.PooledDataSource]PooledDataSource forcefully closed/removed all connections.
[DEBUG][21-10-22][org.apache.ibatis.transaction.jdbc.JdbcTransaction]Opening JDBC Connection
[DEBUG][21-10-22][org.apache.ibatis.datasource.pooled.PooledDataSource]Created connection 4909621.
[DEBUG][21-10-22][org.apache.ibatis.transaction.jdbc.JdbcTransaction]Setting autocommit to false on JDBC Connection [com.mysql.jdbc.JDBC4Connection@4aea35]
[DEBUG][21-10-22][com.baidu.dao.UserMapper.getUserListByLimit]==>  Preparing: select * from user limit ?,? 
[DEBUG][21-10-22][com.baidu.dao.UserMapper.getUserListByLimit]==> Parameters: 0(Integer), 2(Integer)
[DEBUG][21-10-22][com.baidu.dao.UserMapper.getUserListByLimit]<==      Total: 2
[DEBUG][21-10-22][com.baidu.dao.UserMapper.getUserListByLimit]==>  Preparing: select * from user limit ?,? 
[DEBUG][21-10-22][com.baidu.dao.UserMapper.getUserListByLimit]==> Parameters: 1(Integer), 2(Integer)
[DEBUG][21-10-22][com.baidu.dao.UserMapper.getUserListByLimit]<==      Total: 2
[DEBUG][21-10-22][com.baidu.dao.UserMapper.getUserListByLimit]==>  Preparing: select * from user limit ?,? 
[DEBUG][21-10-22][com.baidu.dao.UserMapper.getUserListByLimit]==> Parameters: 2(Integer), 2(Integer)
[DEBUG][21-10-22][com.baidu.dao.UserMapper.getUserListByLimit]<==      Total: 2
[DEBUG][21-10-22][org.apache.ibatis.transaction.jdbc.JdbcTransaction]Resetting autocommit to true on JDBC Connection [com.mysql.jdbc.JDBC4Connection@4aea35]
[DEBUG][21-10-22][org.apache.ibatis.transaction.jdbc.JdbcTransaction]Closing JDBC Connection [com.mysql.jdbc.JDBC4Connection@4aea35]
[DEBUG][21-10-22][org.apache.ibatis.datasource.pooled.PooledDataSource]Returned connection 4909621 to pool.
[DEBUG][21-10-22][org.apache.ibatis.logging.LogFactory]Logging initialized using 'class org.apache.ibatis.logging.log4j.Log4jImpl' adapter.
[DEBUG][21-10-22][org.apache.ibatis.logging.LogFactory]Logging initialized using 'class org.apache.ibatis.logging.log4j.Log4jImpl' adapter.
[DEBUG][21-10-22][org.apache.ibatis.datasource.pooled.PooledDataSource]PooledDataSource forcefully closed/removed all connections.
[DEBUG][21-10-22][org.apache.ibatis.datasource.pooled.PooledDataSource]PooledDataSource forcefully closed/removed all connections.
[DEBUG][21-10-22][org.apache.ibatis.datasource.pooled.PooledDataSource]PooledDataSource forcefully closed/removed all connections.
[DEBUG][21-10-22][org.apache.ibatis.datasource.pooled.PooledDataSource]PooledDataSource forcefully closed/removed all connections.
[DEBUG][21-10-22][org.apache.ibatis.transaction.jdbc.JdbcTransaction]Opening JDBC Connection
[DEBUG][21-10-22][org.apache.ibatis.datasource.pooled.PooledDataSource]Created connection 4909621.
[DEBUG][21-10-22][org.apache.ibatis.transaction.jdbc.JdbcTransaction]Setting autocommit to false on JDBC Connection [com.mysql.jdbc.JDBC4Connection@4aea35]
[DEBUG][21-10-22][com.baidu.dao.UserMapper.getUserListByLimit]==>  Preparing: select * from user limit ?,? 
[DEBUG][21-10-22][com.baidu.dao.UserMapper.getUserListByLimit]==> Parameters: 0(Integer), 2(Integer)
[DEBUG][21-10-22][com.baidu.dao.UserMapper.getUserListByLimit]<==      Total: 2
[DEBUG][21-10-22][com.baidu.dao.UserMapper.getUserListByLimit]==>  Preparing: select * from user limit ?,? 
[DEBUG][21-10-22][com.baidu.dao.UserMapper.getUserListByLimit]==> Parameters: 1(Integer), 2(Integer)
[DEBUG][21-10-22][com.baidu.dao.UserMapper.getUserListByLimit]<==      Total: 2
[DEBUG][21-10-22][com.baidu.dao.UserMapper.getUserListByLimit]==>  Preparing: select * from user limit ?,? 
[DEBUG][21-10-22][com.baidu.dao.UserMapper.getUserListByLimit]==> Parameters: 2(Integer), 2(Integer)
[DEBUG][21-10-22][com.baidu.dao.UserMapper.getUserListByLimit]<==      Total: 2
[DEBUG][21-10-22][org.apache.ibatis.transaction.jdbc.JdbcTransaction]Resetting autocommit to true on JDBC Connection [com.mysql.jdbc.JDBC4Connection@4aea35]
[DEBUG][21-10-22][org.apache.ibatis.transaction.jdbc.JdbcTransaction]Closing JDBC Connection [com.mysql.jdbc.JDBC4Connection@4aea35]
[DEBUG][21-10-22][org.apache.ibatis.datasource.pooled.PooledDataSource]Returned connection 4909621 to pool.
[DEBUG][21-10-22][org.apache.ibatis.logging.LogFactory]Logging initialized using 'class org.apache.ibatis.logging.log4j.Log4jImpl' adapter.
[DEBUG][21-10-22][org.apache.ibatis.logging.LogFactory]Logging initialized using 'class org.apache.ibatis.logging.log4j.Log4jImpl' adapter.
[DEBUG][21-10-22][org.apache.ibatis.datasource.pooled.PooledDataSource]PooledDataSource forcefully closed/removed all connections.
[DEBUG][21-10-22][org.apache.ibatis.datasource.pooled.PooledDataSource]PooledDataSource forcefully closed/removed all connections.
[DEBUG][21-10-22][org.apache.ibatis.datasource.pooled.PooledDataSource]PooledDataSource forcefully closed/removed all connections.
[DEBUG][21-10-22][org.apache.ibatis.datasource.pooled.PooledDataSource]PooledDataSource forcefully closed/removed all connections.
[DEBUG][21-10-22][org.apache.ibatis.transaction.jdbc.JdbcTransaction]Opening JDBC Connection
[DEBUG][21-10-22][org.apache.ibatis.datasource.pooled.PooledDataSource]Created connection 4909621.
[DEBUG][21-10-22][org.apache.ibatis.transaction.jdbc.JdbcTransaction]Setting autocommit to false on JDBC Connection [com.mysql.jdbc.JDBC4Connection@4aea35]
[DEBUG][21-10-22][com.baidu.dao.UserMapper.getUserListByLimit]==>  Preparing: select * from user limit ?,? 
[DEBUG][21-10-22][com.baidu.dao.UserMapper.getUserListByLimit]==> Parameters: 0(Integer), 2(Integer)
[DEBUG][21-10-22][com.baidu.dao.UserMapper.getUserListByLimit]<==      Total: 2
[DEBUG][21-10-22][com.baidu.dao.UserMapper.getUserListByLimit]==>  Preparing: select * from user limit ?,? 
[DEBUG][21-10-22][com.baidu.dao.UserMapper.getUserListByLimit]==> Parameters: 1(Integer), 2(Integer)
[DEBUG][21-10-22][com.baidu.dao.UserMapper.getUserListByLimit]<==      Total: 2
[DEBUG][21-10-22][com.baidu.dao.UserMapper.getUserListByLimit]==>  Preparing: select * from user limit ?,? 
[DEBUG][21-10-22][com.baidu.dao.UserMapper.getUserListByLimit]==> Parameters: 2(Integer), 2(Integer)
[DEBUG][21-10-22][com.baidu.dao.UserMapper.getUserListByLimit]<==      Total: 2
[DEBUG][21-10-22][org.apache.ibatis.transaction.jdbc.JdbcTransaction]Resetting autocommit to true on JDBC Connection [com.mysql.jdbc.JDBC4Connection@4aea35]
[DEBUG][21-10-22][org.apache.ibatis.transaction.jdbc.JdbcTransaction]Closing JDBC Connection [com.mysql.jdbc.JDBC4Connection@4aea35]
[DEBUG][21-10-22][org.apache.ibatis.datasource.pooled.PooledDataSource]Returned connection 4909621 to pool.
[DEBUG][21-10-22][org.apache.ibatis.logging.LogFactory]Logging initialized using 'class org.apache.ibatis.logging.log4j.Log4jImpl' adapter.
[DEBUG][21-10-22][org.apache.ibatis.logging.LogFactory]Logging initialized using 'class org.apache.ibatis.logging.log4j.Log4jImpl' adapter.
[DEBUG][21-10-22][org.apache.ibatis.datasource.pooled.PooledDataSource]PooledDataSource forcefully closed/removed all connections.
[DEBUG][21-10-22][org.apache.ibatis.datasource.pooled.PooledDataSource]PooledDataSource forcefully closed/removed all connections.
[DEBUG][21-10-22][org.apache.ibatis.datasource.pooled.PooledDataSource]PooledDataSource forcefully closed/removed all connections.
[DEBUG][21-10-22][org.apache.ibatis.datasource.pooled.PooledDataSource]PooledDataSource forcefully closed/removed all connections.
[DEBUG][21-10-22][org.apache.ibatis.transaction.jdbc.JdbcTransaction]Opening JDBC Connection
[DEBUG][21-10-22][org.apache.ibatis.datasource.pooled.PooledDataSource]Created connection 4909621.
[DEBUG][21-10-22][org.apache.ibatis.transaction.jdbc.JdbcTransaction]Setting autocommit to false on JDBC Connection [com.mysql.jdbc.JDBC4Connection@4aea35]
[DEBUG][21-10-22][com.baidu.dao.UserMapper.getUserListByLimit]==>  Preparing: select * from user limit ?,? 
[DEBUG][21-10-22][com.baidu.dao.UserMapper.getUserListByLimit]==> Parameters: 0(Integer), 2(Integer)
[DEBUG][21-10-22][com.baidu.dao.UserMapper.getUserListByLimit]<==      Total: 2
[DEBUG][21-10-22][com.baidu.dao.UserMapper.getUserListByLimit]==>  Preparing: select * from user limit ?,? 
[DEBUG][21-10-22][com.baidu.dao.UserMapper.getUserListByLimit]==> Parameters: 2(Integer), 2(Integer)
[DEBUG][21-10-22][com.baidu.dao.UserMapper.getUserListByLimit]<==      Total: 2
[DEBUG][21-10-22][org.apache.ibatis.transaction.jdbc.JdbcTransaction]Resetting autocommit to true on JDBC Connection [com.mysql.jdbc.JDBC4Connection@4aea35]
[DEBUG][21-10-22][org.apache.ibatis.transaction.jdbc.JdbcTransaction]Closing JDBC Connection [com.mysql.jdbc.JDBC4Connection@4aea35]
[DEBUG][21-10-22][org.apache.ibatis.datasource.pooled.PooledDataSource]Returned connection 4909621 to pool.
[DEBUG][21-10-22][org.apache.ibatis.logging.LogFactory]Logging initialized using 'class org.apache.ibatis.logging.log4j.Log4jImpl' adapter.
[DEBUG][21-10-22][org.apache.ibatis.logging.LogFactory]Logging initialized using 'class org.apache.ibatis.logging.log4j.Log4jImpl' adapter.
[DEBUG][21-10-22][org.apache.ibatis.datasource.pooled.PooledDataSource]PooledDataSource forcefully closed/removed all connections.
[DEBUG][21-10-22][org.apache.ibatis.datasource.pooled.PooledDataSource]PooledDataSource forcefully closed/removed all connections.
[DEBUG][21-10-22][org.apache.ibatis.datasource.pooled.PooledDataSource]PooledDataSource forcefully closed/removed all connections.
[DEBUG][21-10-22][org.apache.ibatis.datasource.pooled.PooledDataSource]PooledDataSource forcefully closed/removed all connections.
[DEBUG][21-10-22][org.apache.ibatis.transaction.jdbc.JdbcTransaction]Opening JDBC Connection
[DEBUG][21-10-22][org.apache.ibatis.datasource.pooled.PooledDataSource]Created connection 4909621.
[DEBUG][21-10-22][org.apache.ibatis.transaction.jdbc.JdbcTransaction]Setting autocommit to false on JDBC Connection [com.mysql.jdbc.JDBC4Connection@4aea35]
[DEBUG][21-10-22][com.baidu.dao.UserMapper.getUserListByLimit]==>  Preparing: select * from user limit ?,? 
[DEBUG][21-10-22][com.baidu.dao.UserMapper.getUserListByLimit]==> Parameters: 0(Integer), 2(Integer)
[DEBUG][21-10-22][com.baidu.dao.UserMapper.getUserListByLimit]<==      Total: 2
[DEBUG][21-10-22][com.baidu.dao.UserMapper.getUserListByLimit]==>  Preparing: select * from user limit ?,? 
[DEBUG][21-10-22][com.baidu.dao.UserMapper.getUserListByLimit]==> Parameters: 2(Integer), 2(Integer)
[DEBUG][21-10-22][com.baidu.dao.UserMapper.getUserListByLimit]<==      Total: 2
[DEBUG][21-10-22][com.baidu.dao.UserMapper.getUserListByLimit]==>  Preparing: select * from user limit ?,? 
[DEBUG][21-10-22][com.baidu.dao.UserMapper.getUserListByLimit]==> Parameters: 4(Integer), 2(Integer)
[DEBUG][21-10-22][com.baidu.dao.UserMapper.getUserListByLimit]<==      Total: 2
[DEBUG][21-10-22][com.baidu.dao.UserMapper.getUserListByLimit]==>  Preparing: select * from user limit ?,? 
[DEBUG][21-10-22][com.baidu.dao.UserMapper.getUserListByLimit]==> Parameters: 6(Integer), 2(Integer)
[DEBUG][21-10-22][com.baidu.dao.UserMapper.getUserListByLimit]<==      Total: 1
[DEBUG][21-10-22][com.baidu.dao.UserMapper.getUserListByLimit]==>  Preparing: select * from user limit ?,? 
[DEBUG][21-10-22][com.baidu.dao.UserMapper.getUserListByLimit]==> Parameters: 8(Integer), 2(Integer)
[DEBUG][21-10-22][com.baidu.dao.UserMapper.getUserListByLimit]<==      Total: 0
[DEBUG][21-10-22][org.apache.ibatis.transaction.jdbc.JdbcTransaction]Resetting autocommit to true on JDBC Connection [com.mysql.jdbc.JDBC4Connection@4aea35]
[DEBUG][21-10-22][org.apache.ibatis.transaction.jdbc.JdbcTransaction]Closing JDBC Connection [com.mysql.jdbc.JDBC4Connection@4aea35]
[DEBUG][21-10-22][org.apache.ibatis.datasource.pooled.PooledDataSource]Returned connection 4909621 to pool.
[DEBUG][21-10-22][org.apache.ibatis.logging.LogFactory]Logging initialized using 'class org.apache.ibatis.logging.log4j.Log4jImpl' adapter.
[DEBUG][21-10-22][org.apache.ibatis.logging.LogFactory]Logging initialized using 'class org.apache.ibatis.logging.log4j.Log4jImpl' adapter.
[DEBUG][21-10-22][org.apache.ibatis.datasource.pooled.PooledDataSource]PooledDataSource forcefully closed/removed all connections.
[DEBUG][21-10-22][org.apache.ibatis.datasource.pooled.PooledDataSource]PooledDataSource forcefully closed/removed all connections.
[DEBUG][21-10-22][org.apache.ibatis.datasource.pooled.PooledDataSource]PooledDataSource forcefully closed/removed all connections.
[DEBUG][21-10-22][org.apache.ibatis.datasource.pooled.PooledDataSource]PooledDataSource forcefully closed/removed all connections.
[DEBUG][21-10-22][org.apache.ibatis.transaction.jdbc.JdbcTransaction]Opening JDBC Connection
[DEBUG][21-10-22][org.apache.ibatis.datasource.pooled.PooledDataSource]Created connection 4909621.
[DEBUG][21-10-22][org.apache.ibatis.transaction.jdbc.JdbcTransaction]Setting autocommit to false on JDBC Connection [com.mysql.jdbc.JDBC4Connection@4aea35]
[DEBUG][21-10-22][com.baidu.dao.UserMapper.getUserListByLimit]==>  Preparing: select * from user limit ?,? 
[DEBUG][21-10-22][com.baidu.dao.UserMapper.getUserListByLimit]==> Parameters: 0(Integer), 2(Integer)
[DEBUG][21-10-22][com.baidu.dao.UserMapper.getUserListByLimit]<==      Total: 2
[DEBUG][21-10-22][com.baidu.dao.UserMapper.getUserListByLimit]==>  Preparing: select * from user limit ?,? 
[DEBUG][21-10-22][com.baidu.dao.UserMapper.getUserListByLimit]==> Parameters: 2(Integer), 2(Integer)
[DEBUG][21-10-22][com.baidu.dao.UserMapper.getUserListByLimit]<==      Total: 2
[DEBUG][21-10-22][com.baidu.dao.UserMapper.getUserListByLimit]==>  Preparing: select * from user limit ?,? 
[DEBUG][21-10-22][com.baidu.dao.UserMapper.getUserListByLimit]==> Parameters: 4(Integer), 2(Integer)
[DEBUG][21-10-22][com.baidu.dao.UserMapper.getUserListByLimit]<==      Total: 2
[DEBUG][21-10-22][com.baidu.dao.UserMapper.getUserListByLimit]==>  Preparing: select * from user limit ?,? 
[DEBUG][21-10-22][com.baidu.dao.UserMapper.getUserListByLimit]==> Parameters: 6(Integer), 2(Integer)
[DEBUG][21-10-22][com.baidu.dao.UserMapper.getUserListByLimit]<==      Total: 1
[DEBUG][21-10-22][org.apache.ibatis.transaction.jdbc.JdbcTransaction]Resetting autocommit to true on JDBC Connection [com.mysql.jdbc.JDBC4Connection@4aea35]
[DEBUG][21-10-22][org.apache.ibatis.transaction.jdbc.JdbcTransaction]Closing JDBC Connection [com.mysql.jdbc.JDBC4Connection@4aea35]
[DEBUG][21-10-22][org.apache.ibatis.datasource.pooled.PooledDataSource]Returned connection 4909621 to pool.
[DEBUG][21-10-22][org.apache.ibatis.logging.LogFactory]Logging initialized using 'class org.apache.ibatis.logging.log4j.Log4jImpl' adapter.
[DEBUG][21-10-22][org.apache.ibatis.logging.LogFactory]Logging initialized using 'class org.apache.ibatis.logging.log4j.Log4jImpl' adapter.
[DEBUG][21-10-22][org.apache.ibatis.datasource.pooled.PooledDataSource]PooledDataSource forcefully closed/removed all connections.
[DEBUG][21-10-22][org.apache.ibatis.datasource.pooled.PooledDataSource]PooledDataSource forcefully closed/removed all connections.
[DEBUG][21-10-22][org.apache.ibatis.datasource.pooled.PooledDataSource]PooledDataSource forcefully closed/removed all connections.
[DEBUG][21-10-22][org.apache.ibatis.datasource.pooled.PooledDataSource]PooledDataSource forcefully closed/removed all connections.
[DEBUG][21-10-22][org.apache.ibatis.transaction.jdbc.JdbcTransaction]Opening JDBC Connection
[DEBUG][21-10-22][org.apache.ibatis.datasource.pooled.PooledDataSource]Created connection 940563.
[DEBUG][21-10-22][org.apache.ibatis.transaction.jdbc.JdbcTransaction]Setting autocommit to false on JDBC Connection [com.mysql.jdbc.JDBC4Connection@e5a13]
[DEBUG][21-10-22][com.baidu.dao.UserMapper.getUserListByRowBounds]==>  Preparing: select * from user 
[DEBUG][21-10-22][com.baidu.dao.UserMapper.getUserListByRowBounds]==> Parameters: 
[DEBUG][21-10-22][com.baidu.dao.UserMapper.getUserListByRowBounds]<==      Total: 7
[DEBUG][21-10-22][org.apache.ibatis.transaction.jdbc.JdbcTransaction]Resetting autocommit to true on JDBC Connection [com.mysql.jdbc.JDBC4Connection@e5a13]
[DEBUG][21-10-22][org.apache.ibatis.transaction.jdbc.JdbcTransaction]Closing JDBC Connection [com.mysql.jdbc.JDBC4Connection@e5a13]
[DEBUG][21-10-22][org.apache.ibatis.datasource.pooled.PooledDataSource]Returned connection 940563 to pool.
[DEBUG][21-10-22][org.apache.ibatis.logging.LogFactory]Logging initialized using 'class org.apache.ibatis.logging.log4j.Log4jImpl' adapter.
[DEBUG][21-10-22][org.apache.ibatis.logging.LogFactory]Logging initialized using 'class org.apache.ibatis.logging.log4j.Log4jImpl' adapter.
[DEBUG][21-10-22][org.apache.ibatis.datasource.pooled.PooledDataSource]PooledDataSource forcefully closed/removed all connections.
[DEBUG][21-10-22][org.apache.ibatis.datasource.pooled.PooledDataSource]PooledDataSource forcefully closed/removed all connections.
[DEBUG][21-10-22][org.apache.ibatis.datasource.pooled.PooledDataSource]PooledDataSource forcefully closed/removed all connections.
[DEBUG][21-10-22][org.apache.ibatis.datasource.pooled.PooledDataSource]PooledDataSource forcefully closed/removed all connections.
[DEBUG][21-10-22][org.apache.ibatis.transaction.jdbc.JdbcTransaction]Opening JDBC Connection
[DEBUG][21-10-22][org.apache.ibatis.datasource.pooled.PooledDataSource]Created connection 940563.
[DEBUG][21-10-22][org.apache.ibatis.transaction.jdbc.JdbcTransaction]Setting autocommit to false on JDBC Connection [com.mysql.jdbc.JDBC4Connection@e5a13]
[DEBUG][21-10-22][com.baidu.dao.UserMapper.getUserListByRowBounds]==>  Preparing: select * from user 
[DEBUG][21-10-22][com.baidu.dao.UserMapper.getUserListByRowBounds]==> Parameters: 
[DEBUG][21-10-22][org.apache.ibatis.transaction.jdbc.JdbcTransaction]Resetting autocommit to true on JDBC Connection [com.mysql.jdbc.JDBC4Connection@e5a13]
[DEBUG][21-10-22][org.apache.ibatis.transaction.jdbc.JdbcTransaction]Closing JDBC Connection [com.mysql.jdbc.JDBC4Connection@e5a13]
[DEBUG][21-10-22][org.apache.ibatis.datasource.pooled.PooledDataSource]Returned connection 940563 to pool.
[DEBUG][21-10-22][org.apache.ibatis.logging.LogFactory]Logging initialized using 'class org.apache.ibatis.logging.log4j.Log4jImpl' adapter.
[DEBUG][21-10-22][org.apache.ibatis.logging.LogFactory]Logging initialized using 'class org.apache.ibatis.logging.log4j.Log4jImpl' adapter.
[DEBUG][21-10-22][org.apache.ibatis.datasource.pooled.PooledDataSource]PooledDataSource forcefully closed/removed all connections.
[DEBUG][21-10-22][org.apache.ibatis.datasource.pooled.PooledDataSource]PooledDataSource forcefully closed/removed all connections.
[DEBUG][21-10-22][org.apache.ibatis.datasource.pooled.PooledDataSource]PooledDataSource forcefully closed/removed all connections.
[DEBUG][21-10-22][org.apache.ibatis.datasource.pooled.PooledDataSource]PooledDataSource forcefully closed/removed all connections.
[DEBUG][21-10-22][org.apache.ibatis.transaction.jdbc.JdbcTransaction]Opening JDBC Connection
[DEBUG][21-10-22][org.apache.ibatis.datasource.pooled.PooledDataSource]Created connection 940563.
[DEBUG][21-10-22][org.apache.ibatis.transaction.jdbc.JdbcTransaction]Setting autocommit to false on JDBC Connection [com.mysql.jdbc.JDBC4Connection@e5a13]
[DEBUG][21-10-22][com.baidu.dao.UserMapper.getUserListByRowBounds]==>  Preparing: select * from user 
[DEBUG][21-10-22][com.baidu.dao.UserMapper.getUserListByRowBounds]==> Parameters: 
[DEBUG][21-10-22][org.apache.ibatis.transaction.jdbc.JdbcTransaction]Resetting autocommit to true on JDBC Connection [com.mysql.jdbc.JDBC4Connection@e5a13]
[DEBUG][21-10-22][org.apache.ibatis.transaction.jdbc.JdbcTransaction]Closing JDBC Connection [com.mysql.jdbc.JDBC4Connection@e5a13]
[DEBUG][21-10-22][org.apache.ibatis.datasource.pooled.PooledDataSource]Returned connection 940563 to pool.
